<?xml version="1.0" encoding="UTF-8"?>
<testsuite xmlns:xsi="http://www.w3.org/2001/XMLSchema-instance" xsi:noNamespaceSchemaLocation="https://maven.apache.org/surefire/maven-surefire-plugin/xsd/surefire-test-report-3.0.xsd" version="3.0" name="com.pdf.PdfSegmentTest" time="1.82" tests="4" errors="0" skipped="0" failures="0">
  <properties>
[...]
</properties>
  <testcase name="testDetectWhitespaceGaps" classname="com.pdf.PdfSegmentTest" time="1.074"/>
  <testcase name="testCreateSegmentedPDFs" classname="com.pdf.PdfSegmentTest" time="0.347"/>
  <testcase name="testIdentifyCutPoints" classname="com.pdf.PdfSegmentTest" time="0.252">
    <system-out><![CDATA[Cut Points: [739, 612, 589]
]]></system-out>
  </testcase>
  <testcase name="testErrorHandlingWithInvalidPDF" classname="com.pdf.PdfSegmentTest" time="0.026"/>
</testsuite>